<?xml version="1.0" encoding="UTF-8"?>
<!-- Generated by org.testng.reporters.JUnitReportReporter -->
<testsuite skipped="0" hostname="KiwiTechs-Mac-mini-4.local" name="testmodule3.NewTesth" tests="1" failures="0" timestamp="31 Aug 2018 06:20:43 GMT" time="93.813" errors="0">
  <testcase name="f" time="93.813" classname="testmodule3.NewTesth"/>
</testsuite> <!-- testmodule3.NewTesth -->
