<?xml version="1.0" encoding="UTF-8"?>
<!-- Generated by org.testng.reporters.JUnitReportReporter -->
<testsuite skipped="1" hostname="KiwiTechs-Mac-mini-5.local" name="testModules.Property_Comparables_Redbell" tests="17" failures="0" timestamp="16 Oct 2018 13:53:08 GMT" time="662.622" errors="0">
  <testcase name="noCountTwice" time="16.416" classname="testModules.Property_Comparables_Redbell"/>
  <testcase name="subjectProp" time="33.243" classname="testModules.Property_Comparables_Redbell"/>
  <testcase name="notPopulated" time="30.335" classname="testModules.Property_Comparables_Redbell"/>
  <testcase name="scrolling" time="51.183" classname="testModules.Property_Comparables_Redbell"/>
  <testcase name="acMenu" time="28.628" classname="testModules.Property_Comparables_Redbell"/>
  <testcase name="costPerSqFt" time="45.261" classname="testModules.Property_Comparables_Redbell"/>
  <testcase name="atMostFour" time="91.267" classname="testModules.Property_Comparables_Redbell"/>
  <testcase name="screenOrganised" time="23.891" classname="testModules.Property_Comparables_Redbell"/>
  <testcase name="comparablesCount" time="11.373" classname="testModules.Property_Comparables_Redbell">
    <skipped/>
  </testcase> <!-- comparablesCount -->
  <testcase name="comparablesCount" time="70.228" classname="testModules.Property_Comparables_Redbell"/>
  <testcase name="exteriorStyleMenu" time="43.498" classname="testModules.Property_Comparables_Redbell"/>
  <testcase name="countTwice" time="22.318" classname="testModules.Property_Comparables_Redbell"/>
  <testcase name="reCalculateAvg" time="23.923" classname="testModules.Property_Comparables_Redbell"/>
  <testcase name="reportSupplied" time="33.190" classname="testModules.Property_Comparables_Redbell"/>
  <testcase name="selectedComparables" time="24.832" classname="testModules.Property_Comparables_Redbell"/>
  <testcase name="comparablesObjects" time="44.063" classname="testModules.Property_Comparables_Redbell"/>
  <testcase name="editFields" time="68.973" classname="testModules.Property_Comparables_Redbell"/>
</testsuite> <!-- testModules.Property_Comparables_Redbell -->
