<?xml version="1.0" encoding="UTF-8"?>
<!-- Generated by org.testng.reporters.JUnitReportReporter -->
<testsuite skipped="0" hostname="KiwiTechs-Mac-mini-5.local" name="testModules.Property_HouseDetailsTest" tests="34" failures="0" timestamp="16 Oct 2018 13:53:08 GMT" time="924.106" errors="0">
  <testcase name="zillowLogo" time="22.817" classname="testModules.Property_HouseDetailsTest"/>
  <testcase name="notesHouseDetails" time="26.624" classname="testModules.Property_HouseDetailsTest"/>
  <testcase name="storageBuildingDropDown" time="23.604" classname="testModules.Property_HouseDetailsTest"/>
  <testcase name="houseDimensions" time="31.623" classname="testModules.Property_HouseDetailsTest"/>
  <testcase name="poolDropDown" time="28.474" classname="testModules.Property_HouseDetailsTest"/>
  <testcase name="houseDetailsCell" time="12.937" classname="testModules.Property_HouseDetailsTest"/>
  <testcase name="garageSizeDropDown" time="25.515" classname="testModules.Property_HouseDetailsTest"/>
  <testcase name="offlineBrandingCheck" time="35.987" classname="testModules.Property_HouseDetailsTest"/>
  <testcase name="homeStyleDropDown" time="25.612" classname="testModules.Property_HouseDetailsTest"/>
  <testcase name="zillowText" time="11.383" classname="testModules.Property_HouseDetailsTest"/>
  <testcase name="hotTub" time="13.458" classname="testModules.Property_HouseDetailsTest"/>
  <testcase name="storageBuildingField" time="19.420" classname="testModules.Property_HouseDetailsTest"/>
  <testcase name="houseDetailsBtn" time="19.825" classname="testModules.Property_HouseDetailsTest"/>
  <testcase name="houseDetailsCheckmark" time="19.842" classname="testModules.Property_HouseDetailsTest"/>
  <testcase name="addFeature" time="30.160" classname="testModules.Property_HouseDetailsTest"/>
  <testcase name="addOnDropDown" time="27.210" classname="testModules.Property_HouseDetailsTest"/>
  <testcase name="projectNameOnTop" time="14.044" classname="testModules.Property_HouseDetailsTest"/>
  <testcase name="garageConversionDropDown" time="23.927" classname="testModules.Property_HouseDetailsTest"/>
  <testcase name="acDropDown" time="25.849" classname="testModules.Property_HouseDetailsTest"/>
  <testcase name="deleteAmenities" time="12.771" classname="testModules.Property_HouseDetailsTest"/>
  <testcase name="clickableLogo" time="50.453" classname="testModules.Property_HouseDetailsTest"/>
  <testcase name="checkZillowField" time="27.708" classname="testModules.Property_HouseDetailsTest"/>
  <testcase name="addOnField" time="19.499" classname="testModules.Property_HouseDetailsTest"/>
  <testcase name="screenSections" time="22.558" classname="testModules.Property_HouseDetailsTest"/>
  <testcase name="selectPricingProfile" time="38.114" classname="testModules.Property_HouseDetailsTest"/>
  <testcase name="safeSize" time="18.245" classname="testModules.Property_HouseDetailsTest"/>
  <testcase name="safeSizeInfo" time="14.116" classname="testModules.Property_HouseDetailsTest"/>
  <testcase name="editZillowFields" time="60.478" classname="testModules.Property_HouseDetailsTest"/>
  <testcase name="tapGarageCheckBox" time="13.074" classname="testModules.Property_HouseDetailsTest"/>
  <testcase name="addressUpdate" time="102.457" classname="testModules.Property_HouseDetailsTest"/>
  <testcase name="addingDataInAmenities" time="48.409" classname="testModules.Property_HouseDetailsTest"/>
  <testcase name="garageConversionField" time="12.356" classname="testModules.Property_HouseDetailsTest"/>
  <testcase name="exteriorStyleDropDown" time="32.805" classname="testModules.Property_HouseDetailsTest"/>
  <testcase name="houseDetailsSelection" time="12.752" classname="testModules.Property_HouseDetailsTest"/>
</testsuite> <!-- testModules.Property_HouseDetailsTest -->
