<?xml version="1.0" encoding="UTF-8"?>
<!-- Generated by org.testng.reporters.JUnitReportReporter -->
<testsuite skipped="1" hostname="KiwiTechs-Mac-mini-5.local" name="testModules.Property_HouseDetailsTest" tests="35" failures="1" timestamp="29 Oct 2018 06:51:15 GMT" time="941.441" errors="0">
  <testcase name="screenSections" time="19.566" classname="testModules.Property_HouseDetailsTest"/>
  <testcase name="addFeature" time="27.653" classname="testModules.Property_HouseDetailsTest"/>
  <testcase name="houseDetailsCell" time="13.526" classname="testModules.Property_HouseDetailsTest"/>
  <testcase name="addOnDropDown" time="19.829" classname="testModules.Property_HouseDetailsTest"/>
  <testcase name="poolDropDown" time="29.240" classname="testModules.Property_HouseDetailsTest"/>
  <testcase name="hotTub" time="23.448" classname="testModules.Property_HouseDetailsTest"/>
  <testcase name="homeStyleDropDown" time="31.145" classname="testModules.Property_HouseDetailsTest"/>
  <testcase name="selectPricingProfile" time="40.559" classname="testModules.Property_HouseDetailsTest"/>
  <testcase name="addressUpdate" time="82.954" classname="testModules.Property_HouseDetailsTest"/>
  <testcase name="acDropDown" time="22.777" classname="testModules.Property_HouseDetailsTest"/>
  <testcase name="clickableLogo" time="45.493" classname="testModules.Property_HouseDetailsTest">
    <skipped/>
  </testcase> <!-- clickableLogo -->
  <testcase name="editZillowFields" time="58.445" classname="testModules.Property_HouseDetailsTest"/>
  <testcase name="projectNameOnTop" time="10.208" classname="testModules.Property_HouseDetailsTest"/>
  <testcase name="storageBuildingField" time="19.630" classname="testModules.Property_HouseDetailsTest"/>
  <testcase name="storageBuildingDropDown" time="22.387" classname="testModules.Property_HouseDetailsTest"/>
  <testcase name="addingDataInAmenities" time="44.647" classname="testModules.Property_HouseDetailsTest"/>
  <testcase name="offlineBrandingCheck" time="35.501" classname="testModules.Property_HouseDetailsTest"/>
  <testcase name="tapGarageCheckBox" time="14.135" classname="testModules.Property_HouseDetailsTest"/>
  <testcase name="garageConversionField" time="9.839" classname="testModules.Property_HouseDetailsTest"/>
  <testcase name="houseDetailsBtn" time="18.891" classname="testModules.Property_HouseDetailsTest"/>
  <testcase name="houseDetailsCheckmark" time="15.326" classname="testModules.Property_HouseDetailsTest"/>
  <testcase name="zillowText" time="12.261" classname="testModules.Property_HouseDetailsTest"/>
  <testcase name="garageSizeDropDown" time="22.126" classname="testModules.Property_HouseDetailsTest"/>
  <testcase name="checkZillowField" time="23.143" classname="testModules.Property_HouseDetailsTest"/>
  <testcase name="zillowLogo" time="20.662" classname="testModules.Property_HouseDetailsTest"/>
  <testcase name="houseDimensions" time="26.374" classname="testModules.Property_HouseDetailsTest"/>
  <testcase name="safeSizeInfo" time="14.156" classname="testModules.Property_HouseDetailsTest"/>
  <testcase name="notesHouseDetails" time="24.765" classname="testModules.Property_HouseDetailsTest"/>
  <testcase name="safeSize" time="14.840" classname="testModules.Property_HouseDetailsTest"/>
  <testcase name="houseDetailsSelection" time="12.267" classname="testModules.Property_HouseDetailsTest"/>
  <testcase name="addOnField" time="19.616" classname="testModules.Property_HouseDetailsTest"/>
  <testcase name="garageConversionDropDown" time="29.840" classname="testModules.Property_HouseDetailsTest"/>
  <testcase name="clickableLogo" time="54.622" classname="testModules.Property_HouseDetailsTest">
    <failure type="java.lang.AssertionError" message="expected [true] but found [false]">
      <![CDATA[java.lang.AssertionError: expected [true] but found [false]
at org.testng.Assert.fail(Assert.java:96)
at org.testng.Assert.failNotEquals(Assert.java:776)
at org.testng.Assert.assertEqualsImpl(Assert.java:137)
at org.testng.Assert.assertEquals(Assert.java:118)
at org.testng.Assert.assertEquals(Assert.java:568)
at org.testng.Assert.assertEquals(Assert.java:578)
at testModules.Property_HouseDetailsTest.clickableLogo(Property_HouseDetailsTest.java:245)
at sun.reflect.NativeMethodAccessorImpl.invoke0(Native Method)
at sun.reflect.NativeMethodAccessorImpl.invoke(NativeMethodAccessorImpl.java:62)
at sun.reflect.DelegatingMethodAccessorImpl.invoke(DelegatingMethodAccessorImpl.java:43)
at java.lang.reflect.Method.invoke(Method.java:498)
at org.testng.internal.MethodInvocationHelper.invokeMethod(MethodInvocationHelper.java:124)
at org.testng.internal.Invoker.invokeMethod(Invoker.java:580)
at org.testng.internal.Invoker.retryFailed(Invoker.java:838)
at org.testng.internal.Invoker.invokeTestMethods(Invoker.java:1009)
at org.testng.internal.TestMethodWorker.invokeTestMethods(TestMethodWorker.java:125)
at org.testng.internal.TestMethodWorker.run(TestMethodWorker.java:109)
at org.testng.TestRunner.privateRun(TestRunner.java:648)
at org.testng.TestRunner.run(TestRunner.java:505)
at org.testng.SuiteRunner.runTest(SuiteRunner.java:455)
at org.testng.SuiteRunner.runSequentially(SuiteRunner.java:450)
at org.testng.SuiteRunner.privateRun(SuiteRunner.java:415)
at org.testng.SuiteRunner.run(SuiteRunner.java:364)
at org.testng.SuiteRunnerWorker.runSuite(SuiteRunnerWorker.java:52)
at org.testng.SuiteRunnerWorker.run(SuiteRunnerWorker.java:84)
at org.testng.TestNG.runSuitesSequentially(TestNG.java:1208)
at org.testng.TestNG.runSuitesLocally(TestNG.java:1137)
at org.testng.TestNG.runSuites(TestNG.java:1049)
at org.testng.TestNG.run(TestNG.java:1017)
at org.testng.remote.AbstractRemoteTestNG.run(AbstractRemoteTestNG.java:114)
at org.testng.remote.RemoteTestNG.initAndRun(RemoteTestNG.java:251)
at org.testng.remote.RemoteTestNG.main(RemoteTestNG.java:77)
]]>
    </failure>
  </testcase> <!-- clickableLogo -->
  <testcase name="exteriorStyleDropDown" time="33.030" classname="testModules.Property_HouseDetailsTest"/>
  <testcase name="deleteAmenities" time="28.540" classname="testModules.Property_HouseDetailsTest"/>
</testsuite> <!-- testModules.Property_HouseDetailsTest -->
