<?xml version="1.0" encoding="UTF-8"?>
<!-- Generated by org.testng.reporters.JUnitReportReporter -->
<testsuite skipped="0" hostname="KiwiTechs-Mac-mini-5.local" name="testModules.New_PropertyTests" tests="12" failures="0" timestamp="16 Oct 2018 13:53:08 GMT" time="468.748" errors="0">
  <testcase name="wrongEmail" time="48.404" classname="testModules.New_PropertyTests"/>
  <testcase name="newPropertyCheck" time="11.242" classname="testModules.New_PropertyTests"/>
  <testcase name="editingSeller" time="60.175" classname="testModules.New_PropertyTests"/>
  <testcase name="defaultPhase" time="17.079" classname="testModules.New_PropertyTests"/>
  <testcase name="fillingSeller" time="113.490" classname="testModules.New_PropertyTests"/>
  <testcase name="sellerPage" time="41.318" classname="testModules.New_PropertyTests"/>
  <testcase name="redBell" time="41.322" classname="testModules.New_PropertyTests"/>
  <testcase name="tileCheck" time="14.943" classname="testModules.New_PropertyTests"/>
  <testcase name="wrongState" time="37.717" classname="testModules.New_PropertyTests"/>
  <testcase name="tapPropertyOne" time="12.302" classname="testModules.New_PropertyTests"/>
  <testcase name="charLimit" time="61.456" classname="testModules.New_PropertyTests"/>
  <testcase name="newPropertyBtn" time="9.300" classname="testModules.New_PropertyTests"/>
</testsuite> <!-- testModules.New_PropertyTests -->
