<?xml version="1.0" encoding="UTF-8"?>
<!-- Generated by org.testng.reporters.JUnitReportReporter -->
<testsuite skipped="2" hostname="KiwiTechs-Mac-mini-4.local" name="testmodule3.NewTest" tests="3" failures="0" timestamp="20 Jul 2018 10:23:11 GMT" time="0.020" errors="0">
  <testcase name="Three" time="0.020" classname="testmodule3.NewTest"/>
  <testcase name="Two" time="0.000" classname="testmodule3.NewTest">
    <skipped/>
  </testcase> <!-- Two -->
  <testcase name="One" time="0.000" classname="testmodule3.NewTest">
    <skipped/>
  </testcase> <!-- One -->
</testsuite> <!-- testmodule3.NewTest -->
