<?xml version="1.0" encoding="UTF-8"?>
<!-- Generated by org.testng.reporters.JUnitReportReporter -->
<testsuite skipped="1" hostname="KiwiTechs-Mac-mini-4.local" name="testModules.Property_HouseDetailsTest" tests="35" failures="0" timestamp="10 Oct 2018 14:09:55 GMT" time="1400.469" errors="0">
  <testcase name="selectPricingProfile" time="41.630" classname="testModules.Property_HouseDetailsTest"/>
  <testcase name="houseDetailsBtn" time="22.231" classname="testModules.Property_HouseDetailsTest"/>
  <testcase name="addOnDropDown" time="35.030" classname="testModules.Property_HouseDetailsTest"/>
  <testcase name="addressUpdate" time="165.177" classname="testModules.Property_HouseDetailsTest"/>
  <testcase name="garageConversionField" time="31.255" classname="testModules.Property_HouseDetailsTest"/>
  <testcase name="hotTub" time="24.759" classname="testModules.Property_HouseDetailsTest"/>
  <testcase name="checkZillowField" time="48.632" classname="testModules.Property_HouseDetailsTest"/>
  <testcase name="garageConversionDropDown" time="23.587" classname="testModules.Property_HouseDetailsTest"/>
  <testcase name="storageBuildingField" time="21.631" classname="testModules.Property_HouseDetailsTest"/>
  <testcase name="deleteAmenities" time="58.667" classname="testModules.Property_HouseDetailsTest"/>
  <testcase name="addOnField" time="23.197" classname="testModules.Property_HouseDetailsTest"/>
  <testcase name="projectNameOnTop" time="11.231" classname="testModules.Property_HouseDetailsTest"/>
  <testcase name="zillowLogo" time="36.846" classname="testModules.Property_HouseDetailsTest"/>
  <testcase name="offlineBrandingCheck" time="65.610" classname="testModules.Property_HouseDetailsTest"/>
  <testcase name="editZillowFields" time="130.657" classname="testModules.Property_HouseDetailsTest"/>
  <testcase name="addingDataInAmenities" time="9.639" classname="testModules.Property_HouseDetailsTest">
    <skipped/>
  </testcase> <!-- addingDataInAmenities -->
  <testcase name="houseDetailsCheckmark" time="35.697" classname="testModules.Property_HouseDetailsTest"/>
  <testcase name="addFeature" time="41.582" classname="testModules.Property_HouseDetailsTest"/>
  <testcase name="houseDetailsSelection" time="22.690" classname="testModules.Property_HouseDetailsTest"/>
  <testcase name="clickableLogo" time="69.164" classname="testModules.Property_HouseDetailsTest"/>
  <testcase name="storageBuildingDropDown" time="43.899" classname="testModules.Property_HouseDetailsTest"/>
  <testcase name="screenSections" time="34.766" classname="testModules.Property_HouseDetailsTest"/>
  <testcase name="zillowText" time="12.335" classname="testModules.Property_HouseDetailsTest"/>
  <testcase name="safeSize" time="14.835" classname="testModules.Property_HouseDetailsTest"/>
  <testcase name="poolDropDown" time="35.930" classname="testModules.Property_HouseDetailsTest"/>
  <testcase name="houseDimensions" time="64.868" classname="testModules.Property_HouseDetailsTest"/>
  <testcase name="addingDataInAmenities" time="76.906" classname="testModules.Property_HouseDetailsTest"/>
  <testcase name="safeSizeInfo" time="14.687" classname="testModules.Property_HouseDetailsTest"/>
  <testcase name="notesHouseDetails" time="44.741" classname="testModules.Property_HouseDetailsTest"/>
  <testcase name="garageSizeDropDown" time="22.529" classname="testModules.Property_HouseDetailsTest"/>
  <testcase name="houseDetailsCell" time="4.002" classname="testModules.Property_HouseDetailsTest"/>
  <testcase name="exteriorStyleDropDown" time="33.074" classname="testModules.Property_HouseDetailsTest"/>
  <testcase name="homeStyleDropDown" time="39.124" classname="testModules.Property_HouseDetailsTest"/>
  <testcase name="tapGarageCheckBox" time="17.505" classname="testModules.Property_HouseDetailsTest"/>
  <testcase name="acDropDown" time="22.356" classname="testModules.Property_HouseDetailsTest"/>
</testsuite> <!-- testModules.Property_HouseDetailsTest -->
