<?xml version="1.0" encoding="UTF-8"?>
<!-- Generated by org.testng.reporters.JUnitReportReporter -->
<testsuite skipped="1" hostname="KiwiTechs-Mac-mini-5.local" name="testModules.Property_HouseDetailsTest" tests="35" failures="1" timestamp="16 Oct 2018 10:14:10 GMT" time="865.452" errors="0">
  <testcase name="editZillowFields" time="57.505" classname="testModules.Property_HouseDetailsTest"/>
  <testcase name="addOnDropDown" time="21.488" classname="testModules.Property_HouseDetailsTest"/>
  <testcase name="garageSizeDropDown" time="21.393" classname="testModules.Property_HouseDetailsTest"/>
  <testcase name="poolDropDown" time="23.087" classname="testModules.Property_HouseDetailsTest"/>
  <testcase name="storageBuildingDropDown" time="29.300" classname="testModules.Property_HouseDetailsTest"/>
  <testcase name="selectPricingProfile" time="40.533" classname="testModules.Property_HouseDetailsTest"/>
  <testcase name="houseDetailsCell" time="12.745" classname="testModules.Property_HouseDetailsTest"/>
  <testcase name="projectNameOnTop" time="11.341" classname="testModules.Property_HouseDetailsTest"/>
  <testcase name="garageConversionDropDown" time="23.805" classname="testModules.Property_HouseDetailsTest"/>
  <testcase name="houseDetailsBtn" time="20.116" classname="testModules.Property_HouseDetailsTest"/>
  <testcase name="houseDetailsCheckmark" time="5.769" classname="testModules.Property_HouseDetailsTest"/>
  <testcase name="acDropDown" time="21.940" classname="testModules.Property_HouseDetailsTest"/>
  <testcase name="deleteAmenities" time="18.139" classname="testModules.Property_HouseDetailsTest"/>
  <testcase name="garageConversionField" time="27.013" classname="testModules.Property_HouseDetailsTest"/>
  <testcase name="screenSections" time="19.182" classname="testModules.Property_HouseDetailsTest"/>
  <testcase name="zillowText" time="11.422" classname="testModules.Property_HouseDetailsTest"/>
  <testcase name="safeSizeInfo" time="14.098" classname="testModules.Property_HouseDetailsTest"/>
  <testcase name="addingDataInAmenities" time="41.921" classname="testModules.Property_HouseDetailsTest"/>
  <testcase name="addOnField" time="20.125" classname="testModules.Property_HouseDetailsTest"/>
  <testcase name="hotTub" time="23.174" classname="testModules.Property_HouseDetailsTest"/>
  <testcase name="safeSize" time="4.931" classname="testModules.Property_HouseDetailsTest"/>
  <testcase name="clickableLogo" time="53.111" classname="testModules.Property_HouseDetailsTest">
    <skipped/>
  </testcase> <!-- clickableLogo -->
  <testcase name="addFeature" time="26.923" classname="testModules.Property_HouseDetailsTest"/>
  <testcase name="notesHouseDetails" time="24.646" classname="testModules.Property_HouseDetailsTest"/>
  <testcase name="offlineBrandingCheck" time="29.750" classname="testModules.Property_HouseDetailsTest"/>
  <testcase name="addressUpdate" time="75.211" classname="testModules.Property_HouseDetailsTest"/>
  <testcase name="checkZillowField" time="22.964" classname="testModules.Property_HouseDetailsTest"/>
  <testcase name="exteriorStyleDropDown" time="31.607" classname="testModules.Property_HouseDetailsTest"/>
  <testcase name="tapGarageCheckBox" time="13.623" classname="testModules.Property_HouseDetailsTest"/>
  <testcase name="zillowLogo" time="20.028" classname="testModules.Property_HouseDetailsTest"/>
  <testcase name="storageBuildingField" time="18.646" classname="testModules.Property_HouseDetailsTest"/>
  <testcase name="houseDetailsSelection" time="12.005" classname="testModules.Property_HouseDetailsTest"/>
  <testcase name="homeStyleDropDown" time="24.866" classname="testModules.Property_HouseDetailsTest"/>
  <testcase name="houseDimensions" time="26.214" classname="testModules.Property_HouseDetailsTest"/>
  <testcase name="clickableLogo" time="16.831" classname="testModules.Property_HouseDetailsTest">
    <failure type="java.lang.AssertionError" message="expected [true] but found [false]">
      <![CDATA[java.lang.AssertionError: expected [true] but found [false]
at org.testng.Assert.fail(Assert.java:96)
at org.testng.Assert.failNotEquals(Assert.java:776)
at org.testng.Assert.assertEqualsImpl(Assert.java:137)
at org.testng.Assert.assertEquals(Assert.java:118)
at org.testng.Assert.assertEquals(Assert.java:568)
at org.testng.Assert.assertEquals(Assert.java:578)
at testModules.Property_HouseDetailsTest.clickableLogo(Property_HouseDetailsTest.java:245)
at sun.reflect.NativeMethodAccessorImpl.invoke0(Native Method)
at sun.reflect.NativeMethodAccessorImpl.invoke(NativeMethodAccessorImpl.java:62)
at sun.reflect.DelegatingMethodAccessorImpl.invoke(DelegatingMethodAccessorImpl.java:43)
at java.lang.reflect.Method.invoke(Method.java:498)
at org.testng.internal.MethodInvocationHelper.invokeMethod(MethodInvocationHelper.java:124)
at org.testng.internal.Invoker.invokeMethod(Invoker.java:580)
at org.testng.internal.Invoker.retryFailed(Invoker.java:838)
at org.testng.internal.Invoker.invokeTestMethods(Invoker.java:1009)
at org.testng.internal.TestMethodWorker.invokeTestMethods(TestMethodWorker.java:125)
at org.testng.internal.TestMethodWorker.run(TestMethodWorker.java:109)
at org.testng.TestRunner.privateRun(TestRunner.java:648)
at org.testng.TestRunner.run(TestRunner.java:505)
at org.testng.SuiteRunner.runTest(SuiteRunner.java:455)
at org.testng.SuiteRunner.runSequentially(SuiteRunner.java:450)
at org.testng.SuiteRunner.privateRun(SuiteRunner.java:415)
at org.testng.SuiteRunner.run(SuiteRunner.java:364)
at org.testng.SuiteRunnerWorker.runSuite(SuiteRunnerWorker.java:52)
at org.testng.SuiteRunnerWorker.run(SuiteRunnerWorker.java:84)
at org.testng.TestNG.runSuitesSequentially(TestNG.java:1208)
at org.testng.TestNG.runSuitesLocally(TestNG.java:1137)
at org.testng.TestNG.runSuites(TestNG.java:1049)
at org.testng.TestNG.run(TestNG.java:1017)
at org.testng.remote.AbstractRemoteTestNG.run(AbstractRemoteTestNG.java:114)
at org.testng.remote.RemoteTestNG.initAndRun(RemoteTestNG.java:251)
at org.testng.remote.RemoteTestNG.main(RemoteTestNG.java:77)
]]>
    </failure>
  </testcase> <!-- clickableLogo -->
</testsuite> <!-- testModules.Property_HouseDetailsTest -->
