<?xml version="1.0" encoding="UTF-8"?>
<!-- Generated by org.testng.reporters.JUnitReportReporter -->
<testsuite skipped="0" hostname="KiwiTechs-Mac-mini-4.local" name="testModules.HomeScreenTests" tests="19" failures="1" timestamp="24 Sep 2018 11:19:09 GMT" time="624.543" errors="0">
  <testcase name="checkHomeElements" time="5.255" classname="testModules.HomeScreenTests"/>
  <testcase name="autoSelectedPhases" time="14.192" classname="testModules.HomeScreenTests"/>
  <testcase name="menuCloseOutside" time="7.051" classname="testModules.HomeScreenTests"/>
  <testcase name="filterOnProperty" time="122.726" classname="testModules.HomeScreenTests"/>
  <testcase name="menuBtnCheck" time="3.599" classname="testModules.HomeScreenTests">
    <failure type="java.lang.AssertionError" message="expected [true] but found [false]">
      <![CDATA[java.lang.AssertionError: expected [true] but found [false]
at org.testng.Assert.fail(Assert.java:96)
at org.testng.Assert.failNotEquals(Assert.java:776)
at org.testng.Assert.assertEqualsImpl(Assert.java:137)
at org.testng.Assert.assertEquals(Assert.java:118)
at org.testng.Assert.assertEquals(Assert.java:568)
at org.testng.Assert.assertEquals(Assert.java:578)
at testModules.HomeScreenTests.menuBtnCheck(HomeScreenTests.java:119)
at sun.reflect.NativeMethodAccessorImpl.invoke0(Native Method)
at sun.reflect.NativeMethodAccessorImpl.invoke(NativeMethodAccessorImpl.java:62)
at sun.reflect.DelegatingMethodAccessorImpl.invoke(DelegatingMethodAccessorImpl.java:43)
at java.lang.reflect.Method.invoke(Method.java:498)
at org.testng.internal.MethodInvocationHelper.invokeMethod(MethodInvocationHelper.java:124)
at org.testng.internal.Invoker.invokeMethod(Invoker.java:580)
at org.testng.internal.Invoker.invokeTestMethod(Invoker.java:716)
at org.testng.internal.Invoker.invokeTestMethods(Invoker.java:988)
at org.testng.internal.TestMethodWorker.invokeTestMethods(TestMethodWorker.java:125)
at org.testng.internal.TestMethodWorker.run(TestMethodWorker.java:109)
at org.testng.TestRunner.privateRun(TestRunner.java:648)
at org.testng.TestRunner.run(TestRunner.java:505)
at org.testng.SuiteRunner.runTest(SuiteRunner.java:455)
at org.testng.SuiteRunner.runSequentially(SuiteRunner.java:450)
at org.testng.SuiteRunner.privateRun(SuiteRunner.java:415)
at org.testng.SuiteRunner.run(SuiteRunner.java:364)
at org.testng.SuiteRunnerWorker.runSuite(SuiteRunnerWorker.java:52)
at org.testng.SuiteRunnerWorker.run(SuiteRunnerWorker.java:84)
at org.testng.TestNG.runSuitesSequentially(TestNG.java:1208)
at org.testng.TestNG.runSuitesLocally(TestNG.java:1137)
at org.testng.TestNG.runSuites(TestNG.java:1049)
at org.testng.TestNG.run(TestNG.java:1017)
at org.testng.remote.AbstractRemoteTestNG.run(AbstractRemoteTestNG.java:114)
at org.testng.remote.RemoteTestNG.initAndRun(RemoteTestNG.java:251)
at org.testng.remote.RemoteTestNG.main(RemoteTestNG.java:77)
]]>
    </failure>
  </testcase> <!-- menuBtnCheck -->
  <testcase name="closeAndOpenCheck" time="80.523" classname="testModules.HomeScreenTests"/>
  <testcase name="propertyPhases" time="13.365" classname="testModules.HomeScreenTests"/>
  <testcase name="loanPhases" time="21.206" classname="testModules.HomeScreenTests"/>
  <testcase name="navDrawerFolders" time="43.884" classname="testModules.HomeScreenTests"/>
  <testcase name="propertyPhasesNumber" time="15.086" classname="testModules.HomeScreenTests"/>
  <testcase name="navDrawerScroll" time="34.850" classname="testModules.HomeScreenTests"/>
  <testcase name="propertiesInView" time="58.350" classname="testModules.HomeScreenTests"/>
  <testcase name="oneFilterOnly" time="32.803" classname="testModules.HomeScreenTests"/>
  <testcase name="folderState" time="46.899" classname="testModules.HomeScreenTests"/>
  <testcase name="team" time="30.368" classname="testModules.HomeScreenTests"/>
  <testcase name="dateAdded" time="17.551" classname="testModules.HomeScreenTests"/>
  <testcase name="filterOnLoan" time="37.234" classname="testModules.HomeScreenTests"/>
  <testcase name="settingsHeader" time="29.457" classname="testModules.HomeScreenTests"/>
  <testcase name="logOut" time="10.144" classname="testModules.HomeScreenTests"/>
</testsuite> <!-- testModules.HomeScreenTests -->
