<?xml version="1.0" encoding="UTF-8"?>
<!-- Generated by org.testng.reporters.JUnitReportReporter -->
<testsuite skipped="0" hostname="KiwiTechs-Mac-mini-5.local" name="testModules.New_PropertyTests" tests="12" failures="0" timestamp="29 Oct 2018 06:51:15 GMT" time="408.554" errors="0">
  <testcase name="tileCheck" time="10.795" classname="testModules.New_PropertyTests"/>
  <testcase name="redBell" time="38.701" classname="testModules.New_PropertyTests"/>
  <testcase name="fillingSeller" time="99.000" classname="testModules.New_PropertyTests"/>
  <testcase name="defaultPhase" time="12.532" classname="testModules.New_PropertyTests"/>
  <testcase name="sellerPage" time="33.261" classname="testModules.New_PropertyTests"/>
  <testcase name="newPropertyCheck" time="13.976" classname="testModules.New_PropertyTests"/>
  <testcase name="newPropertyBtn" time="7.864" classname="testModules.New_PropertyTests"/>
  <testcase name="tapPropertyOne" time="12.093" classname="testModules.New_PropertyTests"/>
  <testcase name="wrongState" time="32.427" classname="testModules.New_PropertyTests"/>
  <testcase name="wrongEmail" time="44.228" classname="testModules.New_PropertyTests"/>
  <testcase name="editingSeller" time="51.084" classname="testModules.New_PropertyTests"/>
  <testcase name="charLimit" time="52.593" classname="testModules.New_PropertyTests"/>
</testsuite> <!-- testModules.New_PropertyTests -->
