<?xml version="1.0" encoding="UTF-8"?>
<!-- Generated by org.testng.reporters.JUnitReportReporter -->
<testsuite skipped="0" hostname="KiwiTechs-Mac-mini-4.local" name="testModules.TryNew" tests="1" failures="0" timestamp="20 Sep 2018 12:15:47 GMT" time="180.099" errors="0">
  <testcase name="something" time="180.099" classname="testModules.TryNew"/>
</testsuite> <!-- testModules.TryNew -->
