<?xml version="1.0" encoding="UTF-8"?>
<!-- Generated by org.testng.reporters.JUnitReportReporter -->
<testsuite skipped="0" hostname="KiwiTechs-Mac-mini-4.local" name="testModules.New_PropertyTests" tests="12" failures="0" timestamp="24 Sep 2018 11:19:09 GMT" time="472.247" errors="0">
  <testcase name="wrongState" time="48.383" classname="testModules.New_PropertyTests"/>
  <testcase name="tapPropertyOne" time="12.389" classname="testModules.New_PropertyTests"/>
  <testcase name="redBell" time="43.682" classname="testModules.New_PropertyTests"/>
  <testcase name="newPropertyBtn" time="8.761" classname="testModules.New_PropertyTests"/>
  <testcase name="defaultPhase" time="15.894" classname="testModules.New_PropertyTests"/>
  <testcase name="editingSeller" time="59.763" classname="testModules.New_PropertyTests"/>
  <testcase name="sellerPage" time="37.811" classname="testModules.New_PropertyTests"/>
  <testcase name="charLimit" time="59.036" classname="testModules.New_PropertyTests"/>
  <testcase name="tileCheck" time="15.461" classname="testModules.New_PropertyTests"/>
  <testcase name="newPropertyCheck" time="10.728" classname="testModules.New_PropertyTests"/>
  <testcase name="wrongEmail" time="50.701" classname="testModules.New_PropertyTests"/>
  <testcase name="fillingSeller" time="109.638" classname="testModules.New_PropertyTests"/>
</testsuite> <!-- testModules.New_PropertyTests -->
