<?xml version="1.0" encoding="UTF-8"?>
<!-- Generated by org.testng.reporters.JUnitReportReporter -->
<testsuite skipped="1" hostname="KiwiTechs-Mac-mini-5.local" name="testModules.Property_Comparables_Redbell" tests="17" failures="0" timestamp="29 Oct 2018 06:51:15 GMT" time="654.878" errors="0">
  <testcase name="reportSupplied" time="35.096" classname="testModules.Property_Comparables_Redbell"/>
  <testcase name="noCountTwice" time="12.794" classname="testModules.Property_Comparables_Redbell"/>
  <testcase name="editFields" time="69.105" classname="testModules.Property_Comparables_Redbell"/>
  <testcase name="comparablesCount" time="11.461" classname="testModules.Property_Comparables_Redbell">
    <skipped/>
  </testcase> <!-- comparablesCount -->
  <testcase name="costPerSqFt" time="43.686" classname="testModules.Property_Comparables_Redbell"/>
  <testcase name="screenOrganised" time="25.039" classname="testModules.Property_Comparables_Redbell"/>
  <testcase name="comparablesCount" time="69.779" classname="testModules.Property_Comparables_Redbell"/>
  <testcase name="notPopulated" time="29.706" classname="testModules.Property_Comparables_Redbell"/>
  <testcase name="exteriorStyleMenu" time="43.915" classname="testModules.Property_Comparables_Redbell"/>
  <testcase name="atMostFour" time="92.086" classname="testModules.Property_Comparables_Redbell"/>
  <testcase name="selectedComparables" time="27.402" classname="testModules.Property_Comparables_Redbell"/>
  <testcase name="acMenu" time="28.548" classname="testModules.Property_Comparables_Redbell"/>
  <testcase name="scrolling" time="45.093" classname="testModules.Property_Comparables_Redbell"/>
  <testcase name="reCalculateAvg" time="23.110" classname="testModules.Property_Comparables_Redbell"/>
  <testcase name="subjectProp" time="29.941" classname="testModules.Property_Comparables_Redbell"/>
  <testcase name="comparablesObjects" time="43.879" classname="testModules.Property_Comparables_Redbell"/>
  <testcase name="countTwice" time="24.238" classname="testModules.Property_Comparables_Redbell"/>
</testsuite> <!-- testModules.Property_Comparables_Redbell -->
