<?xml version="1.0" encoding="UTF-8"?>
<!-- Generated by org.testng.reporters.JUnitReportReporter -->
<testsuite skipped="2" hostname="KiwiTechs-Mac-mini-4.local" name="testModules.Property_HouseDetailsTest" tests="36" failures="0" timestamp="04 Oct 2018 15:02:58 GMT" time="1351.333" errors="0">
  <testcase name="hotTub" time="33.441" classname="testModules.Property_HouseDetailsTest"/>
  <testcase name="addressUpdate" time="142.856" classname="testModules.Property_HouseDetailsTest"/>
  <testcase name="screenSections" time="37.480" classname="testModules.Property_HouseDetailsTest"/>
  <testcase name="offlineBrandingCheck" time="55.940" classname="testModules.Property_HouseDetailsTest"/>
  <testcase name="garageConversionField" time="26.036" classname="testModules.Property_HouseDetailsTest"/>
  <testcase name="houseDetailsBtn" time="26.619" classname="testModules.Property_HouseDetailsTest">
    <skipped/>
  </testcase> <!-- houseDetailsBtn -->
  <testcase name="exteriorStyleDropDown" time="33.251" classname="testModules.Property_HouseDetailsTest"/>
  <testcase name="zillowLogo" time="42.103" classname="testModules.Property_HouseDetailsTest"/>
  <testcase name="storageBuildingDropDown" time="42.832" classname="testModules.Property_HouseDetailsTest"/>
  <testcase name="poolDropDown" time="27.617" classname="testModules.Property_HouseDetailsTest"/>
  <testcase name="houseDetailsSelection" time="16.299" classname="testModules.Property_HouseDetailsTest"/>
  <testcase name="safeSizeInfo" time="22.440" classname="testModules.Property_HouseDetailsTest"/>
  <testcase name="homeStyleDropDown" time="33.830" classname="testModules.Property_HouseDetailsTest"/>
  <testcase name="editZillowFields" time="99.375" classname="testModules.Property_HouseDetailsTest"/>
  <testcase name="garageSizeDropDown" time="23.057" classname="testModules.Property_HouseDetailsTest"/>
  <testcase name="acDropDown" time="32.425" classname="testModules.Property_HouseDetailsTest"/>
  <testcase name="houseDimensions" time="55.810" classname="testModules.Property_HouseDetailsTest"/>
  <testcase name="tapGarageCheckBox" time="13.397" classname="testModules.Property_HouseDetailsTest"/>
  <testcase name="projectNameOnTop" time="10.458" classname="testModules.Property_HouseDetailsTest"/>
  <testcase name="clickableLogo" time="65.738" classname="testModules.Property_HouseDetailsTest"/>
  <testcase name="addFeature" time="37.578" classname="testModules.Property_HouseDetailsTest"/>
  <testcase name="houseDetailsCheckmark" time="23.930" classname="testModules.Property_HouseDetailsTest"/>
  <testcase name="notesHouseDetails" time="36.228" classname="testModules.Property_HouseDetailsTest"/>
  <testcase name="selectPricingProfile" time="38.374" classname="testModules.Property_HouseDetailsTest"/>
  <testcase name="addingDataInAmenities" time="21.485" classname="testModules.Property_HouseDetailsTest">
    <skipped/>
  </testcase> <!-- addingDataInAmenities -->
  <testcase name="addOnField" time="22.843" classname="testModules.Property_HouseDetailsTest"/>
  <testcase name="deleteAmenities" time="58.780" classname="testModules.Property_HouseDetailsTest"/>
  <testcase name="zillowText" time="11.981" classname="testModules.Property_HouseDetailsTest"/>
  <testcase name="garageConversionDropDown" time="23.602" classname="testModules.Property_HouseDetailsTest"/>
  <testcase name="storageBuildingField" time="27.254" classname="testModules.Property_HouseDetailsTest"/>
  <testcase name="houseDetailsBtn" time="16.182" classname="testModules.Property_HouseDetailsTest"/>
  <testcase name="houseDetailsCell" time="23.760" classname="testModules.Property_HouseDetailsTest"/>
  <testcase name="addOnDropDown" time="29.138" classname="testModules.Property_HouseDetailsTest"/>
  <testcase name="safeSize" time="16.675" classname="testModules.Property_HouseDetailsTest"/>
  <testcase name="checkZillowField" time="53.567" classname="testModules.Property_HouseDetailsTest"/>
  <testcase name="addingDataInAmenities" time="68.952" classname="testModules.Property_HouseDetailsTest"/>
</testsuite> <!-- testModules.Property_HouseDetailsTest -->
