<?xml version="1.0" encoding="UTF-8"?>
<!-- Generated by org.testng.reporters.JUnitReportReporter -->
<testsuite skipped="1" hostname="KiwiTechs-Mac-mini-4.local" name="testModules.New_PropertyTests" tests="13" failures="0" timestamp="10 Oct 2018 14:09:55 GMT" time="869.334" errors="0">
  <testcase name="tileCheck" time="27.022" classname="testModules.New_PropertyTests"/>
  <testcase name="defaultPhase" time="39.189" classname="testModules.New_PropertyTests"/>
  <testcase name="sellerPage" time="74.687" classname="testModules.New_PropertyTests"/>
  <testcase name="wrongEmail" time="83.598" classname="testModules.New_PropertyTests"/>
  <testcase name="redBell" time="60.309" classname="testModules.New_PropertyTests"/>
  <testcase name="fillingSeller" time="199.179" classname="testModules.New_PropertyTests"/>
  <testcase name="newPropertyBtn" time="7.952" classname="testModules.New_PropertyTests"/>
  <testcase name="redBell" time="78.907" classname="testModules.New_PropertyTests">
    <skipped/>
  </testcase> <!-- redBell -->
  <testcase name="charLimit" time="105.860" classname="testModules.New_PropertyTests"/>
  <testcase name="newPropertyCheck" time="16.563" classname="testModules.New_PropertyTests"/>
  <testcase name="editingSeller" time="100.053" classname="testModules.New_PropertyTests"/>
  <testcase name="wrongState" time="64.012" classname="testModules.New_PropertyTests"/>
  <testcase name="tapPropertyOne" time="12.003" classname="testModules.New_PropertyTests"/>
</testsuite> <!-- testModules.New_PropertyTests -->
