<?xml version="1.0" encoding="UTF-8"?>
<!-- Generated by org.testng.reporters.JUnitReportReporter -->
<testsuite skipped="0" hostname="KiwiTechs-Mac-mini-4.local" name="testModules.New_PropertyTests" tests="12" failures="0" timestamp="03 Oct 2018 15:24:07 GMT" time="499.318" errors="0">
  <testcase name="charLimit" time="69.752" classname="testModules.New_PropertyTests"/>
  <testcase name="sellerPage" time="39.195" classname="testModules.New_PropertyTests"/>
  <testcase name="fillingSeller" time="125.484" classname="testModules.New_PropertyTests"/>
  <testcase name="editingSeller" time="61.686" classname="testModules.New_PropertyTests"/>
  <testcase name="newPropertyBtn" time="7.828" classname="testModules.New_PropertyTests"/>
  <testcase name="defaultPhase" time="19.464" classname="testModules.New_PropertyTests"/>
  <testcase name="tapPropertyOne" time="12.377" classname="testModules.New_PropertyTests"/>
  <testcase name="tileCheck" time="13.880" classname="testModules.New_PropertyTests"/>
  <testcase name="wrongEmail" time="50.272" classname="testModules.New_PropertyTests"/>
  <testcase name="redBell" time="44.656" classname="testModules.New_PropertyTests"/>
  <testcase name="wrongState" time="43.505" classname="testModules.New_PropertyTests"/>
  <testcase name="newPropertyCheck" time="11.219" classname="testModules.New_PropertyTests"/>
</testsuite> <!-- testModules.New_PropertyTests -->
