<?xml version="1.0" encoding="UTF-8"?>
<!-- Generated by org.testng.reporters.JUnitReportReporter -->
<testsuite skipped="1" hostname="KiwiTechs-Mac-mini-4.local" name="testModules.Comparables_Redbell" tests="17" failures="0" timestamp="10 Oct 2018 14:09:55 GMT" time="690.827" errors="0">
  <testcase name="selectedComparables" time="26.099" classname="testModules.Comparables_Redbell"/>
  <testcase name="noCountTwice" time="12.303" classname="testModules.Comparables_Redbell"/>
  <testcase name="exteriorStyleMenu" time="46.323" classname="testModules.Comparables_Redbell"/>
  <testcase name="screenOrganised" time="23.291" classname="testModules.Comparables_Redbell"/>
  <testcase name="atMostFour" time="95.627" classname="testModules.Comparables_Redbell"/>
  <testcase name="costPerSqFt" time="45.248" classname="testModules.Comparables_Redbell"/>
  <testcase name="comparablesObjects" time="46.824" classname="testModules.Comparables_Redbell"/>
  <testcase name="subjectProp" time="40.569" classname="testModules.Comparables_Redbell"/>
  <testcase name="reCalculateAvg" time="26.263" classname="testModules.Comparables_Redbell"/>
  <testcase name="notPopulated" time="29.135" classname="testModules.Comparables_Redbell"/>
  <testcase name="comparablesCount" time="70.340" classname="testModules.Comparables_Redbell"/>
  <testcase name="scrolling" time="50.231" classname="testModules.Comparables_Redbell"/>
  <testcase name="acMenu" time="36.222" classname="testModules.Comparables_Redbell"/>
  <testcase name="reportSupplied" time="36.659" classname="testModules.Comparables_Redbell"/>
  <testcase name="comparablesCount" time="11.790" classname="testModules.Comparables_Redbell">
    <skipped/>
  </testcase> <!-- comparablesCount -->
  <testcase name="editFields" time="71.226" classname="testModules.Comparables_Redbell"/>
  <testcase name="countTwice" time="22.677" classname="testModules.Comparables_Redbell"/>
</testsuite> <!-- testModules.Comparables_Redbell -->
