<?xml version="1.0" encoding="UTF-8"?>
<!-- Generated by org.testng.reporters.JUnitReportReporter -->
<testsuite skipped="0" hostname="KiwiTechs-Mac-mini-4.local" name="testModules.New_PropertyTests" tests="12" failures="0" timestamp="04 Oct 2018 15:02:58 GMT" time="780.293" errors="0">
  <testcase name="newPropertyCheck" time="23.093" classname="testModules.New_PropertyTests"/>
  <testcase name="charLimit" time="100.847" classname="testModules.New_PropertyTests"/>
  <testcase name="newPropertyBtn" time="9.039" classname="testModules.New_PropertyTests"/>
  <testcase name="tileCheck" time="26.152" classname="testModules.New_PropertyTests"/>
  <testcase name="sellerPage" time="78.184" classname="testModules.New_PropertyTests"/>
  <testcase name="wrongEmail" time="78.799" classname="testModules.New_PropertyTests"/>
  <testcase name="redBell" time="73.975" classname="testModules.New_PropertyTests"/>
  <testcase name="defaultPhase" time="35.391" classname="testModules.New_PropertyTests"/>
  <testcase name="fillingSeller" time="188.608" classname="testModules.New_PropertyTests"/>
  <testcase name="editingSeller" time="91.985" classname="testModules.New_PropertyTests"/>
  <testcase name="tapPropertyOne" time="13.450" classname="testModules.New_PropertyTests"/>
  <testcase name="wrongState" time="60.770" classname="testModules.New_PropertyTests"/>
</testsuite> <!-- testModules.New_PropertyTests -->
