<?xml version="1.0" encoding="UTF-8"?>
<!-- Generated by org.testng.reporters.JUnitReportReporter -->
<testsuite skipped="0" hostname="KiwiTechs-Mac-mini-5.local" name="testModules.New_PropertyTests" tests="12" failures="0" timestamp="16 Oct 2018 10:14:10 GMT" time="401.453" errors="0">
  <testcase name="charLimit" time="52.679" classname="testModules.New_PropertyTests"/>
  <testcase name="tileCheck" time="10.268" classname="testModules.New_PropertyTests"/>
  <testcase name="defaultPhase" time="11.742" classname="testModules.New_PropertyTests"/>
  <testcase name="wrongEmail" time="43.204" classname="testModules.New_PropertyTests"/>
  <testcase name="editingSeller" time="51.104" classname="testModules.New_PropertyTests"/>
  <testcase name="newPropertyCheck" time="9.906" classname="testModules.New_PropertyTests"/>
  <testcase name="tapPropertyOne" time="12.260" classname="testModules.New_PropertyTests"/>
  <testcase name="fillingSeller" time="98.490" classname="testModules.New_PropertyTests"/>
  <testcase name="wrongState" time="33.230" classname="testModules.New_PropertyTests"/>
  <testcase name="redBell" time="38.020" classname="testModules.New_PropertyTests"/>
  <testcase name="newPropertyBtn" time="7.754" classname="testModules.New_PropertyTests"/>
  <testcase name="sellerPage" time="32.796" classname="testModules.New_PropertyTests"/>
</testsuite> <!-- testModules.New_PropertyTests -->
