<?xml version="1.0" encoding="UTF-8"?>
<!-- Generated by org.testng.reporters.JUnitReportReporter -->
<testsuite skipped="2" hostname="KiwiTechs-Mac-mini-5.local" name="testModules.HomeScreenTests" tests="21" failures="1" timestamp="16 Oct 2018 13:53:08 GMT" time="651.910" errors="0">
  <testcase name="folderState" time="45.465" classname="testModules.HomeScreenTests"/>
  <testcase name="menuCloseOutside" time="6.936" classname="testModules.HomeScreenTests"/>
  <testcase name="navDrawerFolders" time="41.281" classname="testModules.HomeScreenTests"/>
  <testcase name="filterOnLoan" time="38.245" classname="testModules.HomeScreenTests"/>
  <testcase name="closeAndOpenCheck" time="86.029" classname="testModules.HomeScreenTests"/>
  <testcase name="team" time="34.684" classname="testModules.HomeScreenTests"/>
  <testcase name="autoSelectedPhases" time="11.108" classname="testModules.HomeScreenTests"/>
  <testcase name="menuBtnCheck" time="3.268" classname="testModules.HomeScreenTests">
    <skipped/>
  </testcase> <!-- menuBtnCheck -->
  <testcase name="checkHomeElements" time="5.075" classname="testModules.HomeScreenTests"/>
  <testcase name="oneFilterOnly" time="30.290" classname="testModules.HomeScreenTests"/>
  <testcase name="filterOnProperty" time="119.566" classname="testModules.HomeScreenTests"/>
  <testcase name="loanPhases" time="21.368" classname="testModules.HomeScreenTests"/>
  <testcase name="navDrawerScroll" time="27.608" classname="testModules.HomeScreenTests"/>
  <testcase name="propertiesInView" time="61.097" classname="testModules.HomeScreenTests"/>
  <testcase name="dateAdded" time="16.532" classname="testModules.HomeScreenTests"/>
  <testcase name="propertyPhases" time="12.453" classname="testModules.HomeScreenTests"/>
  <testcase name="navDrawerScroll" time="26.241" classname="testModules.HomeScreenTests">
    <skipped/>
  </testcase> <!-- navDrawerScroll -->
  <testcase name="settingsHeader" time="34.046" classname="testModules.HomeScreenTests"/>
  <testcase name="menuBtnCheck" time="3.461" classname="testModules.HomeScreenTests">
    <failure type="java.lang.AssertionError" message="expected [true] but found [false]">
      <![CDATA[java.lang.AssertionError: expected [true] but found [false]
at org.testng.Assert.fail(Assert.java:96)
at org.testng.Assert.failNotEquals(Assert.java:776)
at org.testng.Assert.assertEqualsImpl(Assert.java:137)
at org.testng.Assert.assertEquals(Assert.java:118)
at org.testng.Assert.assertEquals(Assert.java:568)
at org.testng.Assert.assertEquals(Assert.java:578)
at testModules.HomeScreenTests.menuBtnCheck(HomeScreenTests.java:120)
at sun.reflect.NativeMethodAccessorImpl.invoke0(Native Method)
at sun.reflect.NativeMethodAccessorImpl.invoke(NativeMethodAccessorImpl.java:62)
at sun.reflect.DelegatingMethodAccessorImpl.invoke(DelegatingMethodAccessorImpl.java:43)
at java.lang.reflect.Method.invoke(Method.java:498)
at org.testng.internal.MethodInvocationHelper.invokeMethod(MethodInvocationHelper.java:124)
at org.testng.internal.Invoker.invokeMethod(Invoker.java:580)
at org.testng.internal.Invoker.retryFailed(Invoker.java:838)
at org.testng.internal.Invoker.invokeTestMethods(Invoker.java:1009)
at org.testng.internal.TestMethodWorker.invokeTestMethods(TestMethodWorker.java:125)
at org.testng.internal.TestMethodWorker.run(TestMethodWorker.java:109)
at org.testng.TestRunner.privateRun(TestRunner.java:648)
at org.testng.TestRunner.run(TestRunner.java:505)
at org.testng.SuiteRunner.runTest(SuiteRunner.java:455)
at org.testng.SuiteRunner.runSequentially(SuiteRunner.java:450)
at org.testng.SuiteRunner.privateRun(SuiteRunner.java:415)
at org.testng.SuiteRunner.run(SuiteRunner.java:364)
at org.testng.SuiteRunnerWorker.runSuite(SuiteRunnerWorker.java:52)
at org.testng.SuiteRunnerWorker.run(SuiteRunnerWorker.java:84)
at org.testng.TestNG.runSuitesSequentially(TestNG.java:1208)
at org.testng.TestNG.runSuitesLocally(TestNG.java:1137)
at org.testng.TestNG.runSuites(TestNG.java:1049)
at org.testng.TestNG.run(TestNG.java:1017)
at org.testng.remote.AbstractRemoteTestNG.run(AbstractRemoteTestNG.java:114)
at org.testng.remote.RemoteTestNG.initAndRun(RemoteTestNG.java:251)
at org.testng.remote.RemoteTestNG.main(RemoteTestNG.java:77)
]]>
    </failure>
  </testcase> <!-- menuBtnCheck -->
  <testcase name="propertyPhasesNumber" time="14.291" classname="testModules.HomeScreenTests"/>
  <testcase name="logOut" time="12.866" classname="testModules.HomeScreenTests"/>
</testsuite> <!-- testModules.HomeScreenTests -->
